<?xml version="1.0" encoding="UTF-8"?>
<testng-results ignored="2" total="6" passed="3" failed="1" skipped="0">
  <reporter-output>
  </reporter-output>
  <suite started-at="2022-06-24T17:24:43 IST" name="InetBankingV1" finished-at="2022-06-24T17:26:23 IST" duration-ms="100129">
    <groups>
    </groups>
    <test started-at="2022-06-24T17:24:43 IST" name="BankingApp Test" finished-at="2022-06-24T17:26:23 IST" duration-ms="100129">
      <class name="com.inetbankingv1.testcases.TC_LoginTest_002">
        <test-method is-config="true" signature="setup(java.lang.String)[pri:0, instance:com.inetbankingv1.testcases.TC_LoginTest_002@7dc51783]" started-at="2022-06-24T17:25:04 IST" name="setup" finished-at="2022-06-24T17:25:43 IST" duration-ms="38759" status="PASS">
          <params>
            <param index="0">
              <value>
                <![CDATA[chrome]]>
              </value>
            </param>
          </params>
          <reporter-output>
          </reporter-output>
        </test-method> <!-- setup -->
        <test-method signature="loginDDT(java.lang.String,java.lang.String)[pri:0, instance:com.inetbankingv1.testcases.TC_LoginTest_002@7dc51783]" started-at="2022-06-24T17:25:43 IST" name="loginDDT" data-provider="Credentials1" finished-at="2022-06-24T17:25:58 IST" duration-ms="14776" status="PASS">
          <params>
            <param index="0">
              <value>
                <![CDATA[mngr417697]]>
              </value>
            </param>
            <param index="1">
              <value>
                <![CDATA[EqysEmY]]>
              </value>
            </param>
          </params>
          <reporter-output>
          </reporter-output>
        </test-method> <!-- loginDDT -->
        <test-method signature="loginDDT(java.lang.String,java.lang.String)[pri:0, instance:com.inetbankingv1.testcases.TC_LoginTest_002@7dc51783]" started-at="2022-06-24T17:25:58 IST" name="loginDDT" data-provider="Credentials1" finished-at="2022-06-24T17:26:06 IST" duration-ms="8449" status="FAIL">
          <params>
            <param index="0">
              <value>
                <![CDATA[admin]]>
              </value>
            </param>
            <param index="1">
              <value>
                <![CDATA[AdmiN123]]>
              </value>
            </param>
          </params>
          <exception class="java.lang.AssertionError">
            <message>
              <![CDATA[expected [true] but found [false]]]>
            </message>
            <full-stacktrace>
              <![CDATA[java.lang.AssertionError: expected [true] but found [false]
at org.testng.Assert.fail(Assert.java:99)
at org.testng.Assert.failNotEquals(Assert.java:1037)
at org.testng.Assert.assertTrue(Assert.java:45)
at org.testng.Assert.assertTrue(Assert.java:55)
at com.inetbankingv1.testcases.TC_LoginTest_002.loginDDT(TC_LoginTest_002.java:34)
at java.base/jdk.internal.reflect.DirectMethodHandleAccessor.invoke(DirectMethodHandleAccessor.java:104)
at java.base/java.lang.reflect.Method.invoke(Method.java:577)
at org.testng.internal.MethodInvocationHelper.invokeMethod(MethodInvocationHelper.java:133)
at org.testng.internal.TestInvoker.invokeMethod(TestInvoker.java:598)
at org.testng.internal.TestInvoker.invokeTestMethod(TestInvoker.java:173)
at org.testng.internal.MethodRunner.runInSequence(MethodRunner.java:46)
at org.testng.internal.TestInvoker$MethodInvocationAgent.invoke(TestInvoker.java:824)
at org.testng.internal.TestInvoker.invokeTestMethods(TestInvoker.java:146)
at org.testng.internal.TestMethodWorker.invokeTestMethods(TestMethodWorker.java:146)
at org.testng.internal.TestMethodWorker.run(TestMethodWorker.java:128)
at java.base/java.util.ArrayList.forEach(ArrayList.java:1511)
at org.testng.TestRunner.privateRun(TestRunner.java:794)
at org.testng.TestRunner.run(TestRunner.java:596)
at org.testng.SuiteRunner.runTest(SuiteRunner.java:377)
at org.testng.SuiteRunner.runSequentially(SuiteRunner.java:371)
at org.testng.SuiteRunner.privateRun(SuiteRunner.java:332)
at org.testng.SuiteRunner.run(SuiteRunner.java:276)
at org.testng.SuiteRunnerWorker.runSuite(SuiteRunnerWorker.java:53)
at org.testng.SuiteRunnerWorker.run(SuiteRunnerWorker.java:96)
at org.testng.TestNG.runSuitesSequentially(TestNG.java:1212)
at org.testng.TestNG.runSuitesLocally(TestNG.java:1134)
at org.testng.TestNG.runSuites(TestNG.java:1063)
at org.testng.TestNG.run(TestNG.java:1031)
at org.testng.remote.AbstractRemoteTestNG.run(AbstractRemoteTestNG.java:115)
at org.testng.remote.RemoteTestNG.initAndRun(RemoteTestNG.java:251)
at org.testng.remote.RemoteTestNG.main(RemoteTestNG.java:77)
]]>
            </full-stacktrace>
          </exception> <!-- java.lang.AssertionError -->
          <reporter-output>
          </reporter-output>
        </test-method> <!-- loginDDT -->
        <test-method signature="loginDDT(java.lang.String,java.lang.String)[pri:0, instance:com.inetbankingv1.testcases.TC_LoginTest_002@7dc51783]" started-at="2022-06-24T17:26:07 IST" name="loginDDT" data-provider="Credentials1" finished-at="2022-06-24T17:26:23 IST" duration-ms="16053" status="PASS">
          <params>
            <param index="0">
              <value>
                <![CDATA[mngr417697]]>
              </value>
            </param>
            <param index="1">
              <value>
                <![CDATA[EqysEmY]]>
              </value>
            </param>
          </params>
          <reporter-output>
          </reporter-output>
        </test-method> <!-- loginDDT -->
        <test-method is-config="true" signature="teardown()[pri:0, instance:com.inetbankingv1.testcases.TC_LoginTest_002@7dc51783]" started-at="2022-06-24T17:26:23 IST" name="teardown" finished-at="2022-06-24T17:26:23 IST" duration-ms="181" status="PASS">
          <reporter-output>
          </reporter-output>
        </test-method> <!-- teardown -->
      </class> <!-- com.inetbankingv1.testcases.TC_LoginTest_002 -->
      <class name="com.inetbankingv1.testcases.TC_LoginTest_001">
        <test-method is-config="true" signature="beforesuite()[pri:0, instance:com.inetbankingv1.testcases.TC_LoginTest_001@673bb956]" started-at="2022-06-24T17:24:42 IST" name="beforesuite" finished-at="2022-06-24T17:24:43 IST" duration-ms="336" status="PASS">
          <reporter-output>
          </reporter-output>
        </test-method> <!-- beforesuite -->
        <test-method is-config="true" signature="setup(java.lang.String)[pri:0, instance:com.inetbankingv1.testcases.TC_LoginTest_001@673bb956]" started-at="2022-06-24T17:24:43 IST" name="setup" finished-at="2022-06-24T17:25:04 IST" duration-ms="21465" status="PASS">
          <params>
            <param index="0">
              <value>
                <![CDATA[chrome]]>
              </value>
            </param>
          </params>
          <reporter-output>
          </reporter-output>
        </test-method> <!-- setup -->
        <test-method signature="testcase2()[pri:0, instance:com.inetbankingv1.testcases.TC_LoginTest_001@673bb956]" started-at="2022-06-24T17:25:04 IST" name="testcase2" finished-at="2022-06-24T17:25:04 IST" duration-ms="19" status="PASS">
          <reporter-output>
          </reporter-output>
        </test-method> <!-- testcase2 -->
        <test-method is-config="true" signature="teardown()[pri:0, instance:com.inetbankingv1.testcases.TC_LoginTest_001@673bb956]" started-at="2022-06-24T17:25:04 IST" name="teardown" finished-at="2022-06-24T17:25:04 IST" duration-ms="192" status="PASS">
          <reporter-output>
          </reporter-output>
        </test-method> <!-- teardown -->
        <test-method is-config="true" signature="aftersuite()[pri:0, instance:com.inetbankingv1.testcases.TC_LoginTest_001@673bb956]" started-at="2022-06-24T17:26:23 IST" name="aftersuite" finished-at="2022-06-24T17:26:23 IST" duration-ms="526" status="PASS">
          <reporter-output>
          </reporter-output>
        </test-method> <!-- aftersuite -->
      </class> <!-- com.inetbankingv1.testcases.TC_LoginTest_001 -->
    </test> <!-- BankingApp Test -->
  </suite> <!-- InetBankingV1 -->
</testng-results>
