<?xml version="1.0" encoding="UTF-8"?>
<!-- Generated by org.testng.reporters.JUnitXMLReporter -->
<testsuite ignored="2" hostname="P2CLAP-52GXD63" failures="1" tests="4" name="BankingApp Test" time="100.129" errors="0" timestamp="2022-06-24T17:26:23 IST">
  <testcase classname="com.inetbankingv1.testcases.TC_LoginTest_001" name="testcase2" time="0.019"/>
  <testcase classname="com.inetbankingv1.testcases.TC_LoginTest_002" name="loginDDT" time="14.776"/>
  <testcase classname="com.inetbankingv1.testcases.TC_LoginTest_002" name="loginDDT" time="8.449">
    <failure type="java.lang.AssertionError" message="expected [true] but found [false]">
      <![CDATA[java.lang.AssertionError: expected [true] but found [false]
at com.inetbankingv1.testcases.TC_LoginTest_002.loginDDT(TC_LoginTest_002.java:34)
at java.base/java.util.ArrayList.forEach(ArrayList.java:1511)
... Removed 29 stack frames]]>
    </failure>
  </testcase> <!-- loginDDT -->
  <testcase classname="com.inetbankingv1.testcases.TC_LoginTest_002" name="loginDDT" time="16.053"/>
  <testcase classname="com.inetbankingv1.testcases.BaseClass" name="@AfterSuite aftersuite" time="0.0">
    <ignored/>
  </testcase> <!-- @AfterSuite aftersuite -->
  <testcase classname="com.inetbankingv1.testcases.BaseClass" name="@BeforeSuite beforesuite" time="0.0">
    <ignored/>
  </testcase> <!-- @BeforeSuite beforesuite -->
</testsuite> <!-- BankingApp Test -->
